<?xml version="1.0" encoding="UTF-8"?>
<!-- Generated by org.testng.reporters.JUnitXMLReporter -->
<testsuite hostname="LAPTOP-K8J9AS79" failures="2" tests="2" name="Test" time="24.766" errors="0" timestamp="9 Mar 2024 08:06:48 GMT">
  <testcase classname="TestRunner.Run" name="runScenario" time="6.537">
    <failure type="java.lang.AssertionError" message="expected [true] but found [false]">
      <![CDATA[java.lang.AssertionError: expected [true] but found [false]
	at StepDefination.Stepdef.get_the_home_page_title_as(Stepdef.java:145)
	at ✽.Get the home page title as "Shop Now1"(file:///C:/Users/ACER/eclipse-workspace/ShopNowAutomation/./Features/HomeAddToCart.feature:8)
... Removed 4 stack frames]]>
    </failure>
  </testcase> <!-- runScenario -->
  <testcase classname="TestRunner.Run" name="runScenario" time="16.534">
    <failure type="java.lang.AssertionError" message="checkout page not match expected [true] but found [false]">
      <![CDATA[java.lang.AssertionError: checkout page not match expected [true] but found [false]
	at StepDefination.Stepdef.checkout_page_appear_with_text(Stepdef.java:255)
	at ✽.Checkout page appear with text "Anti Radiation Chip for Mobile Cell Phone | Rediance Chip Black & Gold1"(file:///C:/Users/ACER/eclipse-workspace/ShopNowAutomation/./Features/HomeAddToCart.feature:20)
... Removed 3 stack frames]]>
    </failure>
  </testcase> <!-- runScenario -->
</testsuite> <!-- Test -->
