<html>
<head>
<title>TestNG:  Test</title>
<link href="../testng.css" rel="stylesheet" type="text/css" />
<link href="../my-testng.css" rel="stylesheet" type="text/css" />

<style type="text/css">
.log { display: none;} 
.stack-trace { display: none;} 
</style>
<script type="text/javascript">
<!--
function flip(e) {
  current = e.style.display;
  if (current == 'block') {
    e.style.display = 'none';
    return 0;
  }
  else {
    e.style.display = 'block';
    return 1;
  }
}

function toggleBox(szDivId, elem, msg1, msg2)
{
  var res = -1;  if (document.getElementById) {
    res = flip(document.getElementById(szDivId));
  }
  else if (document.all) {
    // this is the way old msie versions work
    res = flip(document.all[szDivId]);
  }
  if(elem) {
    if(res == 0) elem.innerHTML = msg1; else elem.innerHTML = msg2;
  }

}

function toggleAllBoxes() {
  if (document.getElementsByTagName) {
    d = document.getElementsByTagName('div');
    for (i = 0; i < d.length; i++) {
      if (d[i].className == 'log') {
        flip(d[i]);
      }
    }
  }
}

// -->
</script>

</head>
<body>
<h2 align='center'>Test</h2><table border='1' align="center">
<tr>
<td>Tests passed/Failed/Skipped:</td><td>0/2/0</td>
</tr><tr>
<td>Started on:</td><td>Sat Mar 09 13:36:23 IST 2024</td>
</tr>
<tr><td>Total time:</td><td>24 seconds (24766 ms)</td>
</tr><tr>
<td>Included groups:</td><td></td>
</tr><tr>
<td>Excluded groups:</td><td></td>
</tr>
</table><p/>
<small><i>(Hover the method name to see the test class name)</i></small><p/>
<table width='100%' border='1' class='invocation-failed'>
<tr><td colspan='4' align='center'><b>FAILED TESTS</b></td></tr>
<tr><td><b>Test method</b></td>
<td width="30%"><b>Exception</b></td>
<td width="10%"><b>Time (seconds)</b></td>
<td><b>Instance</b></td>
</tr>
<tr>
<td title='TestRunner.Run.runScenario()'><b>runScenario</b><br>Test class: TestRunner.Run<br>Test method: Runs Cucumber Scenarios<br>Parameters: "Verify Home Page Title", "Optional[Home Page Verification and Add to Cart Feature]"</td>
<td><div><pre>java.lang.AssertionError: expected [true] but found [false]
	at StepDefination.Stepdef.get_the_home_page_title_as(Stepdef.java:145)
	at ✽.Get the home page title as &quot;Shop Now1&quot;(file:///C:/Users/ACER/eclipse-workspace/ShopNowAutomation/./Features/HomeAddToCart.feature:8)
... Removed 4 stack frames</pre></div><a href='#' onClick='toggleBox("stack-trace127758389", this, "Click to show all stack frames", "Click to hide stack frames")'>Click to show all stack frames</a>
<div class='stack-trace' id='stack-trace127758389'><pre>java.lang.AssertionError: expected [true] but found [false]
	at org.testng.Assert.fail(Assert.java:94)
	at org.testng.Assert.failNotEquals(Assert.java:494)
	at org.testng.Assert.assertTrue(Assert.java:42)
	at org.testng.Assert.assertTrue(Assert.java:52)
	at StepDefination.Stepdef.get_the_home_page_title_as(Stepdef.java:145)
	at ✽.Get the home page title as &quot;Shop Now1&quot;(file:///C:/Users/ACER/eclipse-workspace/ShopNowAutomation/./Features/HomeAddToCart.feature:8)
</pre></div></td>
<td>6</td>
<td>TestRunner.Run@63f259c3</td></tr>
<tr>
<td title='TestRunner.Run.runScenario()'><b>runScenario</b><br>Test class: TestRunner.Run<br>Test method: Runs Cucumber Scenarios<br>Parameters: "Succesfull Search and Add To Cart of item", "Optional[Home Page Verification and Add to Cart Feature]"</td>
<td><div><pre>java.lang.AssertionError: checkout page not match expected [true] but found [false]
	at StepDefination.Stepdef.checkout_page_appear_with_text(Stepdef.java:255)
	at ✽.Checkout page appear with text &quot;Anti Radiation Chip for Mobile Cell Phone | Rediance Chip Black &amp; Gold1&quot;(file:///C:/Users/ACER/eclipse-workspace/ShopNowAutomation/./Features/HomeAddToCart.feature:20)
... Removed 3 stack frames</pre></div><a href='#' onClick='toggleBox("stack-trace581359452", this, "Click to show all stack frames", "Click to hide stack frames")'>Click to show all stack frames</a>
<div class='stack-trace' id='stack-trace581359452'><pre>java.lang.AssertionError: checkout page not match expected [true] but found [false]
	at org.testng.Assert.fail(Assert.java:94)
	at org.testng.Assert.failNotEquals(Assert.java:494)
	at org.testng.Assert.assertTrue(Assert.java:42)
	at StepDefination.Stepdef.checkout_page_appear_with_text(Stepdef.java:255)
	at ✽.Checkout page appear with text &quot;Anti Radiation Chip for Mobile Cell Phone | Rediance Chip Black &amp; Gold1&quot;(file:///C:/Users/ACER/eclipse-workspace/ShopNowAutomation/./Features/HomeAddToCart.feature:20)
</pre></div></td>
<td>16</td>
<td>TestRunner.Run@63f259c3</td></tr>
</table><p>
</body>
</html>